   1    0.000000000000000E+00    0.208251360933048E-02    0.136196390050214E+01    0.136196390050214E+01    0.208251360933048E-02    0.000000000000000E+00
   2    0.416502721866097E-02    0.624549608944486E-02    0.136129527099740E+01    0.136062664149267E+01    0.624549608944486E-02    0.416502721866097E-02
   3    0.832596496022875E-02    0.104043852640187E-01    0.135995676008563E+01    0.135928687867860E+01    0.104043852640187E-01    0.832596496022875E-02
   4    0.124828055678086E-01    0.145591734587596E-01    0.135861573968030E+01    0.135794460068199E+01    0.145591734587596E-01    0.124828055678086E-01
   5    0.166355413497107E-01    0.187098529644528E-01    0.135727219836166E+01    0.135659979604132E+01    0.187098529644528E-01    0.166355413497107E-01
   6    0.207841645791949E-01    0.228564160367037E-01    0.135592612462605E+01    0.135525245321078E+01    0.228564160367037E-01    0.207841645791949E-01
   7    0.249286674942125E-01    0.269988548956803E-01    0.135457750688536E+01    0.135390256055994E+01    0.269988548956803E-01    0.249286674942125E-01
   8    0.290690422971481E-01    0.311371617258509E-01    0.135322633346578E+01    0.135255010637161E+01    0.311371617258509E-01    0.290690422971481E-01
   9    0.332052811545537E-01    0.352713286757191E-01    0.135187259260689E+01    0.135119507884217E+01    0.352713286757191E-01    0.332052811545537E-01
  10    0.373373761968845E-01    0.394013478575566E-01    0.135051627246085E+01    0.134983746607953E+01    0.394013478575566E-01    0.373373761968845E-01
  11    0.414653195182286E-01    0.435272113471321E-01    0.134915736109119E+01    0.134847725610284E+01    0.435272113471321E-01    0.414653195182286E-01
  12    0.455891031760355E-01    0.476489111834387E-01    0.134779584647226E+01    0.134711443684168E+01    0.476489111834387E-01    0.455891031760355E-01
  13    0.497087191908419E-01    0.517664393684169E-01    0.134643171648788E+01    0.134574899613408E+01    0.517664393684169E-01    0.497087191908419E-01
  14    0.538241595459920E-01    0.558797878666743E-01    0.134506495893017E+01    0.134438092172625E+01    0.558797878666743E-01    0.538241595459920E-01
  15    0.579354161873566E-01    0.599889486052032E-01    0.134369556149893E+01    0.134301020127161E+01    0.599889486052032E-01    0.579354161873566E-01
  16    0.620424810230497E-01    0.640939134730943E-01    0.134232351180040E+01    0.134163682232919E+01    0.640939134730943E-01    0.620424810230497E-01
  17    0.661453459231389E-01    0.681946743212476E-01    0.134094879734613E+01    0.134026077236307E+01    0.681946743212476E-01    0.661453459231389E-01
  18    0.702440027193563E-01    0.722912229620795E-01    0.133957140555202E+01    0.133888203874097E+01    0.722912229620795E-01    0.702440027193563E-01
  19    0.743384432048027E-01    0.763835511692261E-01    0.133819132373694E+01    0.133750060873292E+01    0.763835511692261E-01    0.743384432048027E-01
  20    0.784286591336495E-01    0.804716506772448E-01    0.133680853912213E+01    0.133611646951135E+01    0.804716506772448E-01    0.784286591336495E-01
  21    0.825146422208402E-01    0.845555131813108E-01    0.133542303882957E+01    0.133472960814779E+01    0.845555131813108E-01    0.825146422208402E-01
  22    0.865963841417814E-01    0.886351303369095E-01    0.133403480988079E+01    0.133334001161379E+01    0.886351303369095E-01    0.865963841417814E-01
  23    0.906738765320376E-01    0.927104937595276E-01    0.133264383919612E+01    0.133194766677845E+01    0.927104937595276E-01    0.906738765320376E-01
  24    0.947471109870176E-01    0.967815950243388E-01    0.133125011359324E+01    0.133055256040803E+01    0.967815950243388E-01    0.947471109870176E-01
  25    0.988160790616599E-01    0.100848425665885E+00    0.132985361978576E+01    0.132915467916349E+01    0.100848425665885E+00    0.988160790616599E-01
  26    0.102880772270111E+00    0.104910977177757E+00    0.132845434438209E+01    0.132775400960070E+01    0.104910977177757E+00    0.102880772270111E+00
  27    0.106941182085404E+00    0.108969241012267E+00    0.132705227388454E+01    0.132635053816839E+01    0.108969241012267E+00    0.106941182085404E+00
  28    0.110997299939130E+00    0.113023208580118E+00    0.132564739468740E+01    0.132494425120641E+01    0.113023208580118E+00    0.110997299939130E+00
  29    0.115049117221106E+00    0.117072871250075E+00    0.132423969307599E+01    0.132353513494557E+01    0.117072871250075E+00    0.115049117221106E+00
  30    0.119096625279044E+00    0.121118220348624E+00    0.132282915522541E+01    0.132212317550524E+01    0.121118220348624E+00    0.119096625279044E+00
  31    0.123139815418204E+00    0.125159247159629E+00    0.132141576719881E+01    0.132070835889238E+01    0.125159247159629E+00    0.123139815418204E+00
  32    0.127178678901055E+00    0.129195942923991E+00    0.131999951494614E+01    0.131929067099989E+01    0.129195942923991E+00    0.127178678901055E+00
  33    0.131213206946926E+00    0.133228298839290E+00    0.131858038430281E+01    0.131787009760572E+01    0.133228298839290E+00    0.131213206946926E+00
  34    0.135243390731653E+00    0.137256306059437E+00    0.131715836098829E+01    0.131644662437086E+01    0.137256306059437E+00    0.135243390731653E+00
  35    0.139269221387222E+00    0.141279955694313E+00    0.131573343060447E+01    0.131502023683808E+01    0.141279955694313E+00    0.139269221387222E+00
  36    0.143290690001405E+00    0.145299238809403E+00    0.131430557863420E+01    0.131359092043033E+01    0.145299238809403E+00    0.143290690001405E+00
  37    0.147307787617400E+00    0.149314146425426E+00    0.131287479043966E+01    0.131215866044898E+01    0.149314146425426E+00    0.147307787617400E+00
  38    0.151320505233452E+00    0.153324669517967E+00    0.131144105126091E+01    0.131072344207284E+01    0.153324669517967E+00    0.151320505233452E+00
  39    0.155328833802482E+00    0.157330799017094E+00    0.131000434621447E+01    0.130928525035610E+01    0.157330799017094E+00    0.155328833802482E+00
  40    0.159332764231706E+00    0.161332525806975E+00    0.130856466029124E+01    0.130784407022639E+01    0.161332525806975E+00    0.159332764231706E+00
  41    0.163332287382245E+00    0.165329840725493E+00    0.130712197835514E+01    0.130639988648388E+01    0.165329840725493E+00    0.163332287382245E+00
  42    0.167327394068740E+00    0.169322734563845E+00    0.130567628514136E+01    0.130495268379883E+01    0.169322734563845E+00    0.167327394068740E+00
  43    0.171318075058951E+00    0.173311198066153E+00    0.130422756525449E+01    0.130350244671015E+01    0.173311198066153E+00    0.171318075058951E+00
  44    0.175304321073355E+00    0.177295221929049E+00    0.130277580316695E+01    0.130204915962375E+01    0.177295221929049E+00    0.175304321073355E+00
  45    0.179286122784742E+00    0.181274796801273E+00    0.130132098321721E+01    0.130059280681067E+01    0.181274796801273E+00    0.179286122784742E+00
  46    0.183263470817803E+00    0.185249913283253E+00    0.129986308960759E+01    0.129913337240451E+01    0.185249913283253E+00    0.183263470817803E+00
  47    0.187236355748703E+00    0.189220561926686E+00    0.129840210640268E+01    0.129767084040085E+01    0.189220561926686E+00    0.187236355748703E+00
  48    0.191204768104669E+00    0.193186733234109E+00    0.129693801752732E+01    0.129620519465379E+01    0.193186733234109E+00    0.191204768104669E+00
  49    0.195168698363549E+00    0.197148417658466E+00    0.129547080676465E+01    0.129473641887552E+01    0.197148417658466E+00    0.195168698363549E+00
  50    0.199128136953383E+00    0.201105605602668E+00    0.129400045775410E+01    0.129326449663268E+01    0.201105605602668E+00    0.199128136953383E+00
  51    0.203083074251953E+00    0.205058287419149E+00    0.129252695398918E+01    0.129178941134568E+01    0.205058287419149E+00    0.203083074251953E+00
  52    0.207033500586344E+00    0.209006453409411E+00    0.129105027881574E+01    0.129031114628580E+01    0.209006453409411E+00    0.207033500586344E+00
  53    0.210979406232478E+00    0.212950093823568E+00    0.128957041542949E+01    0.128882968457317E+01    0.212950093823568E+00    0.210979406232478E+00
  54    0.214920781414659E+00    0.216889198859880E+00    0.128808734687374E+01    0.128734500917430E+01    0.216889198859880E+00    0.214920781414659E+00
  55    0.218857616305100E+00    0.220823758664275E+00    0.128660105603742E+01    0.128585710290054E+01    0.220823758664275E+00    0.218857616305100E+00
  56    0.222789901023450E+00    0.224753763329880E+00    0.128511152565276E+01    0.128436594840499E+01    0.224753763329880E+00    0.222789901023450E+00
  57    0.226717625636310E+00    0.228679202896525E+00    0.128361873829275E+01    0.128287152818051E+01    0.228679202896525E+00    0.226717625636310E+00
  58    0.230640780156739E+00    0.232600067350252E+00    0.128212267636872E+01    0.128137382455693E+01    0.232600067350252E+00    0.230640780156739E+00
  59    0.234559354543764E+00    0.236516346622815E+00    0.128062332212815E+01    0.127987281969938E+01    0.236516346622815E+00    0.234559354543764E+00
  60    0.238473338701866E+00    0.240428030591169E+00    0.127912065765192E+01    0.127836849560447E+01    0.240428030591169E+00    0.238473338701866E+00
  61    0.242382722480473E+00    0.244335109076954E+00    0.127761466485165E+01    0.127686083409883E+01    0.244335109076954E+00    0.242382722480473E+00
  62    0.246287495673435E+00    0.248237571845967E+00    0.127610532546726E+01    0.127534981683568E+01    0.248237571845967E+00    0.246287495673435E+00
  63    0.250187648018499E+00    0.252135408607632E+00    0.127459262106427E+01    0.127383542529286E+01    0.252135408607632E+00    0.250187648018499E+00
  64    0.254083169196764E+00    0.256028609014454E+00    0.127307653303080E+01    0.127231764076873E+01    0.256028609014454E+00    0.254083169196764E+00
  65    0.257974048832143E+00    0.259917162661471E+00    0.127155704257471E+01    0.127079644438069E+01    0.259917162661471E+00    0.257974048832143E+00
  66    0.261860276490799E+00    0.263801059085695E+00    0.127003413072113E+01    0.126927181706158E+01    0.263801059085695E+00    0.261860276490799E+00
  67    0.265741841680590E+00    0.267680287765538E+00    0.126850777830887E+01    0.126774373955616E+01    0.267680287765538E+00    0.265741841680590E+00
  68    0.269618733850487E+00    0.271554838120241E+00    0.126697796598778E+01    0.126621219241940E+01    0.271554838120241E+00    0.269618733850487E+00
  69    0.273490942389995E+00    0.275424699509280E+00    0.126544467421561E+01    0.126467715601181E+01    0.275424699509280E+00    0.273490942389995E+00
  70    0.277358456628564E+00    0.279289861231770E+00    0.126390788325424E+01    0.126313861049666E+01    0.279289861231770E+00    0.277358456628564E+00
  71    0.281221265834975E+00    0.283150312525858E+00    0.126236757316698E+01    0.126159653583731E+01    0.283150312525858E+00    0.281221265834975E+00
  72    0.285079359216741E+00    0.287006042568106E+00    0.126082372381507E+01    0.126005091179284E+01    0.287006042568106E+00    0.285079359216741E+00
  73    0.288932725919471E+00    0.290857040472858E+00    0.125927631485391E+01    0.125850171791498E+01    0.290857040472858E+00    0.288932725919471E+00
  74    0.292781355026245E+00    0.294703295291603E+00    0.125772532572969E+01    0.125694893354440E+01    0.294703295291603E+00    0.292781355026245E+00
  75    0.296625235556962E+00    0.298544796012324E+00    0.125617073567567E+01    0.125539253780694E+01    0.298544796012324E+00    0.296625235556962E+00
  76    0.300464356467686E+00    0.302381531558833E+00    0.125461252370842E+01    0.125383250960990E+01    0.302381531558833E+00    0.300464356467686E+00
  77    0.304298706649980E+00    0.306213490790099E+00    0.125305066862391E+01    0.125226882763792E+01    0.306213490790099E+00    0.304298706649980E+00
  78    0.308128274930218E+00    0.310040662499559E+00    0.125148514899362E+01    0.125070147034933E+01    0.310040662499559E+00    0.308128274930218E+00
  79    0.311953050068901E+00    0.313863035414423E+00    0.124991594316027E+01    0.124913041597121E+01    0.313863035414423E+00    0.311953050068901E+00
  80    0.315773020759944E+00    0.317680598194954E+00    0.124834302923366E+01    0.124755564249612E+01    0.317680598194954E+00    0.315773020759944E+00
  81    0.319588175629963E+00    0.321493339433751E+00    0.124676638508662E+01    0.124597712767711E+01    0.321493339433751E+00    0.319588175629963E+00
  82    0.323398503237538E+00    0.325301247655005E+00    0.124518598835014E+01    0.124439484902318E+01    0.325301247655005E+00    0.323398503237538E+00
  83    0.327203992072472E+00    0.329104311313748E+00    0.124360181640909E+01    0.124280878379500E+01    0.329104311313748E+00    0.327203992072472E+00
  84    0.331004630555025E+00    0.332902518795086E+00    0.124201384639733E+01    0.124121890899967E+01    0.332902518795086E+00    0.331004630555025E+00
  85    0.334800407035146E+00    0.336695858413413E+00    0.124042205519299E+01    0.123962520138631E+01    0.336695858413413E+00    0.334800407035146E+00
  86    0.338591309791679E+00    0.340484318411619E+00    0.123882641941341E+01    0.123802763744052E+01    0.340484318411619E+00    0.338591309791679E+00
  87    0.342377327031559E+00    0.344267886960274E+00    0.123722691541005E+01    0.123642619337958E+01    0.344267886960274E+00    0.342377327031559E+00
  88    0.346158446888989E+00    0.348046552156797E+00    0.123562351926323E+01    0.123482084514689E+01    0.348046552156797E+00    0.346158446888989E+00
  89    0.349934657424606E+00    0.351820302024615E+00    0.123401620677653E+01    0.123321156840618E+01    0.351820302024615E+00    0.349934657424606E+00
  90    0.353705946624625E+00    0.355589124512295E+00    0.123240495347129E+01    0.123159833853640E+01    0.355589124512295E+00    0.353705946624625E+00
  91    0.357472302399966E+00    0.359353007492665E+00    0.123078973458097E+01    0.122998113062554E+01    0.359353007492665E+00    0.357472302399966E+00
  92    0.361233712585365E+00    0.363111938761916E+00    0.122917052504491E+01    0.122835991946427E+01    0.363111938761916E+00    0.361233712585365E+00
  93    0.364990164938466E+00    0.366865906038681E+00    0.122754729950238E+01    0.122673467954049E+01    0.366865906038681E+00    0.364990164938466E+00
  94    0.368741647138896E+00    0.370614896963104E+00    0.122592003228628E+01    0.122510538503207E+01    0.370614896963104E+00    0.368741647138896E+00
  95    0.372488146787312E+00    0.374358899095876E+00    0.122428869741624E+01    0.122347200980041E+01    0.374358899095876E+00    0.372488146787312E+00
  96    0.376229651404439E+00    0.378097899917259E+00    0.122265326859239E+01    0.122183452738437E+01    0.378097899917259E+00    0.376229651404439E+00
  97    0.379966148430079E+00    0.381831886826091E+00    0.122101371918820E+01    0.122019291099203E+01    0.381831886826091E+00    0.379966148430079E+00
  98    0.383697625222104E+00    0.385560847138762E+00    0.121937002224318E+01    0.121854713349433E+01    0.385560847138762E+00    0.383697625222104E+00
  99    0.387424069055420E+00    0.389284768088167E+00    0.121772215045550E+01    0.121689716741668E+01    0.389284768088167E+00    0.387424069055420E+00
 100    0.391145467120914E+00    0.393003636822646E+00    0.121607007617458E+01    0.121524298493249E+01    0.393003636822646E+00    0.391145467120914E+00
 101    0.394861806524377E+00    0.396717440404887E+00    0.121441377139304E+01    0.121358455785359E+01    0.396717440404887E+00    0.394861806524377E+00
 102    0.398573074285398E+00    0.400426165810815E+00    0.121275320773823E+01    0.121192185762287E+01    0.400426165810815E+00    0.398573074285398E+00
 103    0.402279257336232E+00    0.404129799928443E+00    0.121108835646433E+01    0.121025485530578E+01    0.404129799928443E+00    0.402279257336232E+00
 104    0.405980342520653E+00    0.407828329556710E+00    0.120941918844333E+01    0.120858352158087E+01    0.407828329556710E+00    0.405980342520653E+00
 105    0.409676316592766E+00    0.411521741404282E+00    0.120774567415604E+01    0.120690782673121E+01    0.411521741404282E+00    0.409676316592766E+00
 106    0.413367166215797E+00    0.415210022088327E+00    0.120606778368287E+01    0.120522774063453E+01    0.415210022088327E+00    0.413367166215797E+00
 107    0.417052877960857E+00    0.418893158133263E+00    0.120438548669401E+01    0.120354323275349E+01    0.418893158133263E+00    0.417052877960857E+00
 108    0.420733438305669E+00    0.422571135969470E+00    0.120269875243967E+01    0.120185427212584E+01    0.422571135969470E+00    0.420733438305669E+00
 109    0.424408833633271E+00    0.426243941931976E+00    0.120100754973961E+01    0.120016082735338E+01    0.426243941931976E+00    0.424408833633271E+00
 110    0.428079050230682E+00    0.429911562259110E+00    0.119931184697252E+01    0.119846286659165E+01    0.429911562259110E+00    0.428079050230682E+00
 111    0.431744074287537E+00    0.433573983091113E+00    0.119761161206501E+01    0.119676035753836E+01    0.433573983091113E+00    0.431744074287537E+00
 112    0.435403891894688E+00    0.437231190468727E+00    0.119590681248001E+01    0.119505326742166E+01    0.437231190468727E+00    0.435403891894688E+00
 113    0.439058489042767E+00    0.440883170331740E+00    0.119419741520508E+01    0.119334156298849E+01    0.440883170331740E+00    0.439058489042767E+00
 114    0.442707851620713E+00    0.444529908517489E+00    0.119248338674004E+01    0.119162521049158E+01    0.444529908517489E+00    0.442707851620713E+00
 115    0.446351965414265E+00    0.448171390759337E+00    0.119076469308425E+01    0.118990417567691E+01    0.448171390759337E+00    0.446351965414265E+00
 116    0.449990816104409E+00    0.451807602685097E+00    0.118904129972346E+01    0.118817842377000E+01    0.451807602685097E+00    0.449990816104409E+00
 117    0.453624389265785E+00    0.455438529815421E+00    0.118731317161605E+01    0.118644791946210E+01    0.455438529815421E+00    0.453624389265785E+00
 118    0.457252670365057E+00    0.459064157562145E+00    0.118558027317883E+01    0.118471262689556E+01    0.459064157562145E+00    0.457252670365057E+00
 119    0.460875644759233E+00    0.462684471226587E+00    0.118384256827244E+01    0.118297250964932E+01    0.462684471226587E+00    0.460875644759233E+00
 120    0.464493297693941E+00    0.466299455997798E+00    0.118210002018606E+01    0.118122753072280E+01    0.466299455997798E+00    0.464493297693941E+00
 121    0.468105614301656E+00    0.469909096950769E+00    0.118035259162150E+01    0.117947765252020E+01    0.469909096950769E+00    0.468105614301656E+00
 122    0.471712579599883E+00    0.473513379044582E+00    0.117860024467668E+01    0.117772283683316E+01    0.473513379044582E+00    0.471712579599883E+00
 123    0.475314178489281E+00    0.477112287120511E+00    0.117684294082876E+01    0.117596304482437E+01    0.477112287120511E+00    0.475314178489281E+00
 124    0.478910395751741E+00    0.480705805900071E+00    0.117508064091635E+01    0.117419823700834E+01    0.480705805900071E+00    0.478910395751741E+00
 125    0.482501216048402E+00    0.484293919983010E+00    0.117331330512099E+01    0.117242837323364E+01    0.484293919983010E+00    0.482501216048402E+00
 126    0.486086623917618E+00    0.487876613845237E+00    0.117154089294806E+01    0.117065341266248E+01    0.487876613845237E+00    0.486086623917618E+00
 127    0.489666603772855E+00    0.491453871836695E+00    0.116976336320687E+01    0.116887331375125E+01    0.491453871836695E+00    0.489666603772855E+00
 128    0.493241139900535E+00    0.495025678179173E+00    0.116798067399018E+01    0.116708803422911E+01    0.495025678179173E+00    0.493241139900535E+00
 129    0.496810216457810E+00    0.498592016964042E+00    0.116619278265244E+01    0.116529753107576E+01    0.498592016964042E+00    0.496810216457810E+00
 130    0.500373817470274E+00    0.502152872149937E+00    0.116439964578748E+01    0.116350176049920E+01    0.502152872149937E+00    0.500373817470274E+00
 131    0.503931926829599E+00    0.505708227560351E+00    0.116260121920557E+01    0.116170067791193E+01    0.505708227560351E+00    0.503931926829599E+00
 132    0.507484528291104E+00    0.509258066881173E+00    0.116079745790875E+01    0.115989423790557E+01    0.509258066881173E+00    0.507484528291104E+00
 133    0.511031605471243E+00    0.512802373658133E+00    0.115898831606597E+01    0.115808239422637E+01    0.512802373658133E+00    0.511031605471243E+00
 134    0.514573141845024E+00    0.516341131294179E+00    0.115717374698691E+01    0.115626509974745E+01    0.516341131294179E+00    0.514573141845024E+00
 135    0.518109120743334E+00    0.519874323046761E+00    0.115535370309436E+01    0.115444230644128E+01    0.519874323046761E+00    0.518109120743334E+00
 136    0.521639525350188E+00    0.523401932025037E+00    0.115352813589623E+01    0.115261396535118E+01    0.523401932025037E+00    0.521639525350188E+00
 137    0.525164338699886E+00    0.526923941186981E+00    0.115169699595562E+01    0.115078002656006E+01    0.526923941186981E+00    0.525164338699886E+00
 138    0.528683543674076E+00    0.530440333336400E+00    0.114986023286004E+01    0.114894043916001E+01    0.530440333336400E+00    0.528683543674076E+00
 139    0.532197122998724E+00    0.533951091119854E+00    0.114801779518942E+01    0.114709515121883E+01    0.533951091119854E+00    0.532197122998724E+00
 140    0.535705059240984E+00    0.537456197023470E+00    0.114616963048242E+01    0.114524410974601E+01    0.537456197023470E+00    0.535705059240984E+00
 141    0.539207334805956E+00    0.540955633369652E+00    0.114431568520144E+01    0.114338726065687E+01    0.540955633369652E+00    0.539207334805956E+00
 142    0.542703931933347E+00    0.544449382313677E+00    0.114245590469644E+01    0.114152454873602E+01    0.544449382313677E+00    0.542703931933347E+00
 143    0.546194832694008E+00    0.547937425840181E+00    0.114059023316663E+01    0.113965591759724E+01    0.547937425840181E+00    0.546194832694008E+00
 144    0.549680018986354E+00    0.551419745759510E+00    0.113871861362079E+01    0.113778130964434E+01    0.551419745759510E+00    0.549680018986354E+00
 145    0.553159472532667E+00    0.554896323703964E+00    0.113684098783617E+01    0.113590066602799E+01    0.554896323703964E+00    0.553159472532667E+00
 146    0.556633174875260E+00    0.558367141123887E+00    0.113495729631489E+01    0.113401392660179E+01    0.558367141123887E+00    0.556633174875260E+00
 147    0.560101107372513E+00    0.561832179283639E+00    0.113306747823909E+01    0.113212102987639E+01    0.561832179283639E+00    0.560101107372513E+00
 148    0.563563251194765E+00    0.565291419257412E+00    0.113117147142356E+01    0.113022191297072E+01    0.565291419257412E+00    0.563563251194765E+00
 149    0.567019587320058E+00    0.568744841924893E+00    0.112926921226654E+01    0.112831651156236E+01    0.568744841924893E+00    0.567019587320058E+00
 150    0.570470096529729E+00    0.572192427966785E+00    0.112736063569843E+01    0.112640475983449E+01    0.572192427966785E+00    0.570470096529729E+00
 151    0.573914759403841E+00    0.575634157860142E+00    0.112544567512774E+01    0.112448659042099E+01    0.575634157860142E+00    0.573914759403841E+00
 152    0.577353556316443E+00    0.579070011873551E+00    0.112352426238491E+01    0.112256193434883E+01    0.579070011873551E+00    0.577353556316443E+00
 153    0.580786467430660E+00    0.582499970062125E+00    0.112159632766364E+01    0.112063072097845E+01    0.582499970062125E+00    0.580786467430660E+00
 154    0.584213472693591E+00    0.585924012262307E+00    0.111966179945937E+01    0.111869287794028E+01    0.585924012262307E+00    0.584213472693591E+00
 155    0.587634551831023E+00    0.589342118086480E+00    0.111772060450470E+01    0.111674833106912E+01    0.589342118086480E+00    0.587634551831023E+00
 156    0.591049684341937E+00    0.592754266917374E+00    0.111577266770224E+01    0.111479700433535E+01    0.592754266917374E+00    0.591049684341937E+00
 157    0.594458849492810E+00    0.596160437902249E+00    0.111381791205420E+01    0.111283881977304E+01    0.596160437902249E+00    0.594458849492810E+00
 158    0.597862026311688E+00    0.599560609946862E+00    0.111185625858846E+01    0.111087369740387E+01    0.599560609946862E+00    0.597862026311688E+00
 159    0.601259193582036E+00    0.602954761709190E+00    0.110988762628127E+01    0.110890155515867E+01    0.602954761709190E+00    0.601259193582036E+00
 160    0.604650329836344E+00    0.606342871592911E+00    0.110791193197663E+01    0.110692230879458E+01    0.606342871592911E+00    0.604650329836344E+00
 161    0.608035413349477E+00    0.609724917740621E+00    0.110592909030115E+01    0.110493587180771E+01    0.609724917740621E+00    0.608035413349477E+00
 162    0.611414422131764E+00    0.613100878026783E+00    0.110393901357528E+01    0.110294215534285E+01    0.613100878026783E+00    0.611414422131764E+00
 163    0.614787333921803E+00    0.616470730050394E+00    0.110194161172055E+01    0.110094106809824E+01    0.616470730050394E+00    0.614787333921803E+00
 164    0.618154126178984E+00    0.619834451127340E+00    0.109993679216150E+01    0.109893251622476E+01    0.619834451127340E+00    0.618154126178984E+00
 165    0.621514776075696E+00    0.623192018282458E+00    0.109792445972345E+01    0.109691640322214E+01    0.623192018282458E+00    0.621514776075696E+00
 166    0.624869260489219E+00    0.626543408241251E+00    0.109590451652536E+01    0.109489262982857E+01    0.626543408241251E+00    0.624869260489219E+00
 167    0.628217555993282E+00    0.629888597421272E+00    0.109387686186688E+01    0.109286109390518E+01    0.629888597421272E+00    0.628217555993282E+00
 168    0.631559638849261E+00    0.633227561923138E+00    0.109184139211027E+01    0.109082169031536E+01    0.633227561923138E+00    0.631559638849261E+00
 169    0.634895484997015E+00    0.636560277521170E+00    0.108979800055648E+01    0.108877431079760E+01    0.636560277521170E+00    0.634895484997015E+00
 170    0.638225070045326E+00    0.639886719653631E+00    0.108774657731470E+01    0.108671884383180E+01    0.639886719653631E+00    0.638225070045326E+00
 171    0.641548369261937E+00    0.643206863412548E+00    0.108568700916567E+01    0.108465517449954E+01    0.643206863412548E+00    0.641548369261937E+00
 172    0.644865357563158E+00    0.646520683533092E+00    0.108361917941808E+01    0.108258318433662E+01    0.646520683533092E+00    0.644865357563158E+00
 173    0.648176009503026E+00    0.649828154382503E+00    0.108154296775749E+01    0.108050275117837E+01    0.649828154382503E+00    0.648176009503026E+00
 174    0.651480299261981E+00    0.653129249948522E+00    0.107945825008810E+01    0.107841374899783E+01    0.653129249948522E+00    0.651480299261981E+00
 175    0.654778200635063E+00    0.656423943827316E+00    0.107736489836566E+01    0.107631604773348E+01    0.656423943827316E+00    0.654778200635063E+00
 176    0.658069687019569E+00    0.659712209210871E+00    0.107526278042244E+01    0.107420951311141E+01    0.659712209210871E+00    0.658069687019569E+00
 177    0.661354731402173E+00    0.662994018873816E+00    0.107315175978307E+01    0.107209400645473E+01    0.662994018873816E+00    0.661354731402173E+00
 178    0.664633306345459E+00    0.666269345159659E+00    0.107103169547046E+01    0.106996938448618E+01    0.666269345159659E+00    0.664633306345459E+00
 179    0.667905383973858E+00    0.669538159966393E+00    0.106890244180228E+01    0.106783549911838E+01    0.669538159966393E+00    0.667905383973858E+00
 180    0.671170935958929E+00    0.672800434731458E+00    0.106676384817613E+01    0.106569219723389E+01    0.672800434731458E+00    0.671170935958929E+00
 181    0.674429933503987E+00    0.676056140415996E+00    0.106461575884383E+01    0.106353932045377E+01    0.676056140415996E+00    0.674429933503987E+00
 182    0.677682347328004E+00    0.679305247488393E+00    0.106245801267384E+01    0.106137670489391E+01    0.679305247488393E+00    0.677682347328004E+00
 183    0.680928147648781E+00    0.682547725907050E+00    0.106029044290084E+01    0.105920418090776E+01    0.682547725907050E+00    0.680928147648781E+00
 184    0.684167304165318E+00    0.685783545102346E+00    0.105811287686204E+01    0.105702157281631E+01    0.685783545102346E+00    0.684167304165318E+00
 185    0.687399786039374E+00    0.689012673957758E+00    0.105592513571974E+01    0.105482869862316E+01    0.689012673957758E+00    0.687399786039374E+00
 186    0.690625561876143E+00    0.692235080790078E+00    0.105372703416853E+01    0.105262536971390E+01    0.692235080790078E+00    0.690625561876143E+00
 187    0.693844599704014E+00    0.695450733328693E+00    0.105151838012694E+01    0.105041139053998E+01    0.695450733328693E+00    0.693844599704014E+00
 188    0.697056866953372E+00    0.698659598693868E+00    0.104929897441237E+01    0.104818655828476E+01    0.698659598693868E+00    0.697056866953372E+00
 189    0.700262330434365E+00    0.701861643373985E+00    0.104706861039834E+01    0.104595066251192E+01    0.701861643373985E+00    0.700262330434365E+00
 190    0.703460956313606E+00    0.705056833201671E+00    0.104482707365306E+01    0.104370348479419E+01    0.705056833201671E+00    0.703460956313606E+00
 191    0.706652710089735E+00    0.708245133328759E+00    0.104257414155802E+01    0.104144479832186E+01    0.708245133328759E+00    0.706652710089735E+00
 192    0.709837556567784E+00    0.711426508200031E+00    0.104030958290577E+01    0.103917436748967E+01    0.711426508200031E+00    0.709837556567784E+00
 193    0.713015459832278E+00    0.714600921525643E+00    0.103803315747535E+01    0.103689194746103E+01    0.714600921525643E+00    0.713015459832278E+00
 194    0.716186383219009E+00    0.717768336252201E+00    0.103574461558431E+01    0.103459728370759E+01    0.717768336252201E+00    0.716186383219009E+00
 195    0.719350289285393E+00    0.720928714532370E+00    0.103344369761538E+01    0.103229011152317E+01    0.720928714532370E+00    0.719350289285393E+00
 196    0.722507139779348E+00    0.724082017692973E+00    0.103113013351703E+01    0.102997015551088E+01    0.724082017692973E+00    0.722507139779348E+00
 197    0.725656895606598E+00    0.727228206201462E+00    0.102880364227587E+01    0.102763712904086E+01    0.727228206201462E+00    0.725656895606598E+00
 198    0.728799516796325E+00    0.730367239630695E+00    0.102646393135924E+01    0.102529073367762E+01    0.730367239630695E+00    0.728799516796325E+00
 199    0.731934962465064E+00    0.733499076621906E+00    0.102411069612611E+01    0.102293065857459E+01    0.733499076621906E+00    0.731934962465064E+00
 200    0.735063190778748E+00    0.736623674845774E+00    0.102174361920489E+01    0.102055657983520E+01    0.736623674845774E+00    0.735063190778748E+00
 201    0.738184158912801E+00    0.739740990961479E+00    0.101936236983542E+01    0.101816815983564E+01    0.739740990961479E+00    0.738184158912801E+00
 202    0.741297823010157E+00    0.742850980573629E+00    0.101696660317317E+01    0.101576504651070E+01    0.742850980573629E+00    0.741297823010157E+00
 203    0.744404138137101E+00    0.745953598186945E+00    0.101455595955411E+01    0.101334687259752E+01    0.745953598186945E+00    0.744404138137101E+00
 204    0.747503058236788E+00    0.749048797158555E+00    0.101213006371643E+01    0.101091325483534E+01    0.749048797158555E+00    0.747503058236788E+00
 205    0.750594536080321E+00    0.752136529647783E+00    0.100968852397770E+01    0.100846379312007E+01    0.752136529647783E+00    0.750594536080321E+00
 206    0.753678523215245E+00    0.755216746563270E+00    0.100723093136428E+01    0.100599806960850E+01    0.755216746563270E+00    0.753678523215245E+00
 207    0.756754969911295E+00    0.758289397507276E+00    0.100475685868978E+01    0.100351564777106E+01    0.758289397507276E+00    0.756754969911295E+00
 208    0.759823825103256E+00    0.761354430717000E+00    0.100226585958001E+01    0.100101607138895E+01    0.761354430717000E+00    0.759823825103256E+00
 209    0.762885036330745E+00    0.764411793002751E+00    0.999757467440500E+00    0.998498863492049E+00    0.764411793002751E+00    0.762885036330745E+00
 210    0.765938549674757E+00    0.767461429682763E+00    0.997231194363711E+00    0.995963525235372E+00    0.767461429682763E+00    0.765938549674757E+00
 211    0.768984309690768E+00    0.770503284514480E+00    0.994686529971635E+00    0.993409534707898E+00    0.770503284514480E+00    0.768984309690768E+00
 212    0.772022259338192E+00    0.773537299622095E+00    0.992122940190042E+00    0.990836345672186E+00    0.773537299622095E+00    0.772022259338192E+00
 213    0.775052339905997E+00    0.776563415420108E+00    0.989539865950210E+00    0.988243386228234E+00    0.776563415420108E+00    0.775052339905997E+00
 214    0.778074490934218E+00    0.779581570532687E+00    0.986936721813504E+00    0.985630057398775E+00    0.779581570532687E+00    0.778074490934218E+00
 215    0.781088650131156E+00    0.782591701708572E+00    0.984312894514268E+00    0.982995731629761E+00    0.782591701708572E+00    0.781088650131156E+00
 216    0.784094753285987E+00    0.785593743731250E+00    0.981667741415600E+00    0.980339751201438E+00    0.785593743731250E+00    0.784094753285987E+00
 217    0.787092734176512E+00    0.788587629324134E+00    0.979000588873048E+00    0.977661426544657E+00    0.788587629324134E+00    0.787092734176512E+00
 218    0.790082524471755E+00    0.791573289050434E+00    0.976310730500280E+00    0.974960034455902E+00    0.791573289050434E+00    0.790082524471755E+00
 219    0.793064053629113E+00    0.794550651207409E+00    0.973597425330780E+00    0.972234816205657E+00    0.794550651207409E+00    0.793064053629113E+00
 220    0.796037248785705E+00    0.797519641714654E+00    0.970859895869161E+00    0.969484975532664E+00    0.797519641714654E+00    0.796037248785705E+00
 221    0.799002034643603E+00    0.800480183996077E+00    0.968097326025378E+00    0.966709676518091E+00    0.800480183996077E+00    0.799002034643603E+00
 222    0.801958333348551E+00    0.803432198855174E+00    0.965308858924616E+00    0.963908041331141E+00    0.803432198855174E+00    0.801958333348551E+00
 223    0.804906064361796E+00    0.806375604343202E+00    0.962493594585234E+00    0.961079147839327E+00    0.806375604343202E+00    0.804906064361796E+00
 224    0.807845144324608E+00    0.809310315619829E+00    0.959650587456895E+00    0.958222027074462E+00    0.809310315619829E+00    0.807845144324608E+00
 225    0.810775486915050E+00    0.812236244805793E+00    0.956778843810288E+00    0.955335660546113E+00    0.812236244805793E+00    0.810775486915050E+00
 226    0.813697002696536E+00    0.815153300827106E+00    0.953877318969526E+00    0.952418977392939E+00    0.815153300827106E+00    0.813697002696536E+00
 227    0.816609598957677E+00    0.818061389250281E+00    0.950944914377979E+00    0.949470851363019E+00    0.818061389250281E+00    0.816609598957677E+00
 228    0.819513179542885E+00    0.820960412108040E+00    0.947980474487339E+00    0.946490097611660E+00    0.820960412108040E+00    0.819513179542885E+00
 229    0.822407644673196E+00    0.823850267714951E+00    0.944982783459794E+00    0.943475469307928E+00    0.823850267714951E+00    0.822407644673196E+00
 230    0.825292890756706E+00    0.826730850472358E+00    0.941950561672231E+00    0.940425654036534E+00    0.826730850472358E+00    0.825292890756706E+00
 231    0.828168810188010E+00    0.829602050661994E+00    0.938882462010987E+00    0.937339269985441E+00    0.829602050661994E+00    0.828168810188010E+00
 232    0.831035291135978E+00    0.832463754227576E+00    0.935777065945266E+00    0.934214861905091E+00    0.832463754227576E+00    0.831035291135978E+00
 233    0.833892217319174E+00    0.835315842543682E+00    0.932632879366627E+00    0.931050896828164E+00    0.835315842543682E+00    0.833892217319174E+00
 234    0.836739467768190E+00    0.838158192171149E+00    0.929448328181651E+00    0.927845759535138E+00    0.838158192171149E+00    0.836739467768190E+00
 235    0.839576916574108E+00    0.840990674598195E+00    0.926221753643926E+00    0.924597747752715E+00    0.840990674598195E+00    0.839576916574108E+00
 236    0.842404432622281E+00    0.843813155966426E+00    0.922951407411842E+00    0.921305067070969E+00    0.843813155966426E+00    0.842404432622281E+00
 237    0.845221879310572E+00    0.846625496780852E+00    0.919635446317173E+00    0.917965825563378E+00    0.846625496780852E+00    0.845221879310572E+00
 238    0.848029114251132E+00    0.849427551602962E+00    0.916271926830075E+00    0.914578028096773E+00    0.849427551602962E+00    0.848029114251132E+00
 239    0.850825988954792E+00    0.852219168725914E+00    0.912858799205161E+00    0.911139570313548E+00    0.852219168725914E+00    0.850825988954792E+00
 240    0.853612348497036E+00    0.855000189830785E+00    0.909393901292870E+00    0.907648232272192E+00    0.855000189830785E+00    0.853612348497036E+00
 241    0.856388031164535E+00    0.857770449622837E+00    0.905874952001015E+00    0.904101671729837E+00    0.857770449622837E+00    0.856388031164535E+00
 242    0.859152868081140E+00    0.860529775446662E+00    0.902299544390753E+00    0.900497417051668E+00    0.860529775446662E+00    0.859152868081140E+00
 243    0.861906682812185E+00    0.863277986879051E+00    0.898665138391208E+00    0.896832859730747E+00    0.863277986879051E+00    0.861906682812185E+00
 244    0.864649290945918E+00    0.866014895298371E+00    0.894969053117678E+00    0.893105246504609E+00    0.866014895298371E+00    0.864649290945918E+00
 245    0.867380499650825E+00    0.868740303429194E+00    0.891208458778977E+00    0.889311671053345E+00    0.868740303429194E+00    0.867380499650825E+00
 246    0.870100107207563E+00    0.871454004860875E+00    0.887380368159608E+00    0.885449065265872E+00    0.871454004860875E+00    0.870100107207563E+00
 247    0.872807902514186E+00    0.874155783538747E+00    0.883481627664388E+00    0.881514190062904E+00    0.874155783538747E+00    0.872807902514186E+00
 248    0.875503664563308E+00    0.876845413226558E+00    0.879508907914052E+00    0.877503625765201E+00    0.876845413226558E+00    0.875503664563308E+00
 249    0.878187161889807E+00    0.879522656938737E+00    0.875458693882562E+00    0.873413761999924E+00    0.879522656938737E+00    0.878187161889807E+00
 250    0.880858151987666E+00    0.882187266341090E+00    0.871327274569512E+00    0.869240787139099E+00    0.882187266341090E+00    0.880858151987666E+00
 251    0.883516380694514E+00    0.884838981118471E+00    0.867110732203594E+00    0.864980677268088E+00    0.884838981118471E+00    0.883516380694514E+00
 252    0.886161581542429E+00    0.887477528308005E+00    0.862804930977488E+00    0.860629184686888E+00    0.887477528308005E+00    0.886161581542429E+00
 253    0.888793475073581E+00    0.890102621596442E+00    0.858405505319069E+00    0.856181825951249E+00    0.890102621596442E+00    0.888793475073581E+00
 254    0.891411768119304E+00    0.892713960580262E+00    0.853907847709154E+00    0.851633869467059E+00    0.892713960580262E+00    0.891411768119304E+00
 255    0.894016153041221E+00    0.895311229987184E+00    0.849307096063297E+00    0.846980322659535E+00    0.895311229987184E+00    0.894016153041221E+00
 256    0.896606306933146E+00    0.897894098857835E+00    0.844598120702972E+00    0.842215918746408E+00    0.897894098857835E+00    0.896606306933146E+00
 257    0.899181890782524E+00    0.900462219686432E+00    0.839775510951211E+00    0.837335103156014E+00    0.900462219686432E+00    0.899181890782524E+00
 258    0.901742548590340E+00    0.903015227519457E+00    0.834833561399041E+00    0.832332019642067E+00    0.903015227519457E+00    0.901742548590340E+00
 259    0.904287906448573E+00    0.905552739011513E+00    0.829766257902602E+00    0.827200496163137E+00    0.905552739011513E+00    0.904287906448573E+00
 260    0.906817571574454E+00    0.908074351437771E+00    0.824567263386160E+00    0.821934030609182E+00    0.908074351437771E+00    0.906817571574454E+00
 261    0.909331131301088E+00    0.910579641662678E+00    0.819229903544581E+00    0.816525776479979E+00    0.910579641662678E+00    0.909331131301088E+00
 262    0.911828152024268E+00    0.913068165065002E+00    0.813747152560030E+00    0.810968528640080E+00    0.913068165065002E+00    0.911828152024268E+00
 263    0.914308178105736E+00    0.915539454419656E+00    0.808111618971773E+00    0.805254709303465E+00    0.915539454419656E+00    0.914308178105736E+00
 264    0.916770730733576E+00    0.917993018737289E+00    0.802315531865953E+00    0.799376354428441E+00    0.917993018737289E+00    0.916770730733576E+00
 265    0.919215306741002E+00    0.920428342063236E+00    0.796350727584917E+00    0.793325100741393E+00    0.920428342063236E+00    0.919215306741002E+00
 266    0.921641377385471E+00    0.922844882238135E+00    0.790208637191884E+00    0.787092173642376E+00    0.922844882238135E+00    0.921641377385471E+00
 267    0.924048387090799E+00    0.925242069623361E+00    0.783880274968843E+00    0.780668376295309E+00    0.925242069623361E+00    0.924048387090799E+00
 268    0.926435752155923E+00    0.927619305795451E+00    0.777356228273380E+00    0.774044080251451E+00    0.927619305795451E+00    0.926435752155923E+00
 269    0.928802859434979E+00    0.929975962214818E+00    0.770626649133026E+00    0.767209218014602E+00    0.929975962214818E+00    0.928802859434979E+00
 270    0.931149064994657E+00    0.932311378875420E+00    0.763681248016980E+00    0.760153278019358E+00    0.932311378875420E+00    0.931149064994657E+00
 271    0.933473692756184E+00    0.934624862943592E+00    0.756509290292063E+00    0.752865302564768E+00    0.934624862943592E+00    0.933473692756184E+00
 272    0.935776033131000E+00    0.936915687396022E+00    0.749099595944830E+00    0.745333889324893E+00    0.936915687396022E+00    0.935776033131000E+00
 273    0.938055341661045E+00    0.939183089668914E+00    0.741440543235562E+00    0.737547197146232E+00    0.939183089668914E+00    0.938055341661045E+00
 274    0.940310837676783E+00    0.941426270332648E+00    0.733520077040989E+00    0.729492956935747E+00    0.941426270332648E+00    0.940310837676783E+00
 275    0.942541702988513E+00    0.943644391808925E+00    0.725325722742681E+00    0.721158488549616E+00    0.943644391808925E+00    0.942541702988513E+00
 276    0.944747080629338E+00    0.945836577150293E+00    0.716844606627192E+00    0.712530724704768E+00    0.945836577150293E+00    0.944747080629338E+00
 277    0.946926073671248E+00    0.948001908905275E+00    0.708063483879318E+00    0.703596243053869E+00    0.948001908905275E+00    0.946926073671248E+00
 278    0.949077744139303E+00    0.950139428096023E+00    0.698968775374380E+00    0.694341307694891E+00    0.950139428096023E+00    0.949077744139303E+00
 279    0.951201112052743E+00    0.952248133339461E+00    0.689546614604401E+00    0.684751921513912E+00    0.952248133339461E+00    0.951201112052743E+00
 280    0.953295154626180E+00    0.954326980147433E+00    0.679782906206677E+00    0.674813890899443E+00    0.954326980147433E+00    0.953295154626180E+00
 281    0.955358805668686E+00    0.956374880446204E+00    0.669663397698008E+00    0.664512904496572E+00    0.956374880446204E+00    0.955358805668686E+00
 282    0.957390955223721E+00    0.958390702361033E+00    0.659173766149325E+00    0.653834627802078E+00    0.958390702361033E+00    0.957390955223721E+00
 283    0.959390449498345E+00    0.960373270317184E+00    0.648299721661335E+00    0.642764815520592E+00    0.960373270317184E+00    0.959390449498345E+00
 284    0.961356091136023E+00    0.962321365514776E+00    0.637027129612378E+00    0.631289443704165E+00    0.962321365514776E+00    0.961356091136023E+00
 285    0.963286639893528E+00    0.964233726841197E+00    0.625342153739822E+00    0.619394863775480E+00    0.964233726841197E+00    0.963286639893528E+00
 286    0.965180813788866E+00    0.966109052291275E+00    0.613231422175638E+00    0.607067980575795E+00    0.966109052291275E+00    0.965180813788866E+00
 287    0.967037290793685E+00    0.967946000971925E+00    0.600682218572509E+00    0.594296456569223E+00    0.967946000971925E+00    0.967037290793685E+00
 288    0.968854711150166E+00    0.969743195774422E+00    0.587682700416306E+00    0.581068944263390E+00    0.969743195774422E+00    0.968854711150166E+00
 289    0.970631680398678E+00    0.971499226803496E+00    0.574222146507384E+00    0.567375348751377E+00    0.971499226803496E+00    0.970631680398678E+00
 290    0.972366773208315E+00    0.973212655657890E+00    0.560291235386735E+00    0.553207122022092E+00    0.973212655657890E+00    0.972366773208315E+00
 291    0.974058538107465E+00    0.974882020661447E+00    0.545882356163237E+00    0.538557590304382E+00    0.974882020661447E+00    0.974058538107465E+00
 292    0.975705503215429E+00    0.976505843146896E+00    0.530989952741808E+00    0.523422315179235E+00    0.976505843146896E+00    0.975705503215429E+00
 293    0.977306183078363E+00    0.978082634895619E+00    0.515610901832474E+00    0.507799488485712E+00    0.978082634895619E+00    0.977306183078363E+00
 294    0.978859086712876E+00    0.979610906835410E+00    0.499744924311509E+00    0.491690360137307E+00    0.979610906835410E+00    0.978859086712876E+00
 295    0.980362726957944E+00    0.981089179093764E+00    0.483395028481797E+00    0.475099696826287E+00    0.981089179093764E+00    0.980362726957944E+00
 296    0.981815631229584E+00    0.982515992495953E+00    0.466567982515813E+00    0.458036268205339E+00    0.982515992495953E+00    0.981815631229584E+00
 297    0.983216353762322E+00    0.983889921584149E+00    0.449274811840056E+00    0.440513355474773E+00    0.983889921584149E+00    0.983216353762322E+00
 298    0.984563489405976E+00    0.985209589215407E+00    0.431531315421334E+00    0.422549275367896E+00    0.985209589215407E+00    0.984563489405976E+00
 299    0.985855689024838E+00    0.986473682771492E+00    0.413358592839751E+00    0.404167910311607E+00    0.986473682771492E+00    0.985855689024838E+00
 300    0.987091676518145E+00    0.987680971981548E+00    0.394783571688430E+00    0.385399233065253E+00    0.987680971981548E+00    0.987091676518145E+00
 301    0.988270267444951E+00    0.988830328318732E+00    0.375839522259311E+00    0.366279811453369E+00    0.988830328318732E+00    0.988270267444951E+00
 302    0.989390389192514E+00    0.989920745883583E+00    0.356566543706171E+00    0.346853275958974E+00    0.989920745883583E+00    0.989390389192514E+00
 303    0.990451102574652E+00    0.990951363629767E+00    0.337012003002028E+00    0.327170730045081E+00    0.990951363629767E+00    0.990451102574652E+00
 304    0.991451624684881E+00    0.991921488721946E+00    0.317230905142561E+00    0.307291080240041E+00    0.991921488721946E+00    0.991451624684881E+00
 305    0.992391352759010E+00    0.992830620741319E+00    0.297286170335092E+00    0.287281260430144E+00    0.992830620741319E+00    0.992391352759010E+00
 306    0.993269888723628E+00    0.993678476372937E+00    0.277248791538919E+00    0.267216322647694E+00    0.993678476372937E+00    0.993269888723628E+00
 307    0.994087064022245E+00    0.994465014121884E+00    0.257197843905848E+00    0.247179365164002E+00    0.994465014121884E+00    0.994087064022245E+00
 308    0.994842964221523E+00    0.995190458515314E+00    0.237220316651565E+00    0.227261268139129E+00    0.995190458515314E+00    0.994842964221523E+00
 309    0.995537952809105E+00    0.995855323157309E+00    0.217410737932383E+00    0.207560207725637E+00    0.995855323157309E+00    0.995537952809105E+00
 310    0.996172693505513E+00    0.996460431917748E+00    0.197870564663683E+00    0.188180921601730E+00    0.996460431917748E+00    0.996172693505513E+00
 311    0.996748170329984E+00    0.997006937459427E+00    0.178707312128746E+00    0.169233702655762E+00    0.997006937459427E+00    0.996748170329984E+00
 312    0.997265704588870E+00    0.997496336244934E+00    0.160033402861032E+00    0.150833103066303E+00    0.997496336244934E+00    0.997265704588870E+00
 313    0.997726967900999E+00    0.997930479121725E+00    0.141964720710530E+00    0.133096338354756E+00    0.997930479121725E+00    0.997726967900999E+00
 314    0.998133990342451E+00    0.998311576565632E+00    0.124618864157505E+00    0.116141389960253E+00    0.998311576565632E+00    0.998133990342451E+00
 315    0.998489162788813E+00    0.998642197674306E+00    0.108113102536612E+00    0.100084815112972E+00    0.998642197674306E+00    0.998489162788813E+00
 316    0.998795232559800E+00    0.998925262045414E+00    0.925620493520907E-01    0.850392835912093E-01    0.998925262045414E+00    0.998795232559800E+00
 317    0.999055291531027E+00    0.999164023750060E+00    0.780750774193095E-01    0.711108712474098E-01    0.999164023750060E+00    0.999055291531027E+00
 318    0.999272755969093E+00    0.999362046715862E+00    0.647535098172585E-01    0.583961483871073E-01    0.999362046715862E+00    0.999272755969093E+00
 319    0.999451337462631E+00    0.999523170956121E+00    0.526876265645633E-01    0.469791047420193E-01    0.999523170956121E+00    0.999451337462631E+00
 320    0.999595004449610E+00    0.999651469202025E+00    0.419535264106412E-01    0.369279480792631E-01    0.999651469202025E+00    0.999595004449610E+00
 321    0.999707933954439E+00    0.999751193578028E+00    0.326098709532630E-01    0.282917938272629E-01    0.999751193578028E+00    0.999707933954439E+00
 322    0.999794453201618E+00    0.999826711941231E+00    0.246945047672604E-01    0.210972157072580E-01    0.999826711941231E+00    0.999794453201618E+00
 323    0.999858970680845E+00    0.999882433255722E+00    0.182208698385198E-01    0.153445239697817E-01    0.999882433255722E+00    0.999858970680845E+00
 324    0.999905895830599E+00    0.999922720610412E+00    0.131739649837297E-01    0.110034059976777E-01    0.999922720610412E+00    0.999905895830599E+00
 325    0.999939545390225E+00    0.999951788481640E+00    0.950519389134730E-02    0.800698178501691E-02    0.999951788481640E+00    0.999939545390225E+00
 326    0.999964031573054E+00    0.999973575174109E+00    0.712424843736126E-02    0.624151508970561E-02    0.999973575174109E+00    0.999964031573054E+00
 327    0.999983118775163E+00    0.999991559387582E+00    0.588083780566706E-02    0.552016052162851E-02    0.999991559387582E+00    0.999983118775163E+00
