   1    0.000000000000000E+00    0.182057345719457E-01    0.200263080291403E+01    0.200263080291403E+01    0.182057345719457E-01    0.000000000000000E+00
   2    0.364114691438914E-01    0.544183915448750E-01    0.199169613351111E+01    0.198076146410820E+01    0.544183915448750E-01    0.364114691438914E-01
   3    0.724253139458587E-01    0.902265069781695E-01    0.196944634883119E+01    0.195813123355418E+01    0.902265069781695E-01    0.724253139458587E-01
   4    0.108027700010480E+00    0.125615923921470E+00    0.194641793188152E+01    0.193470463020885E+01    0.125615923921470E+00    0.108027700010480E+00
   5    0.143204147832459E+00    0.160571831550085E+00    0.192257491957386E+01    0.191044520893886E+01    0.160571831550085E+00    0.143204147832459E+00
   6    0.177939515267711E+00    0.195078748660695E+00    0.189788044108355E+01    0.188531567322823E+01    0.195078748660695E+00    0.177939515267711E+00
   7    0.212217982053679E+00    0.229120509483717E+00    0.187229684526620E+01    0.185927801730416E+01    0.229120509483717E+00    0.212217982053679E+00
   8    0.246023036913755E+00    0.262680252385135E+00    0.184578585957798E+01    0.183229370185179E+01    0.262680252385135E+00    0.246023036913755E+00
   9    0.279337467856515E+00    0.295740412109720E+00    0.181830878485216E+01    0.180432386785252E+01    0.295740412109720E+00    0.279337467856515E+00
  10    0.312143356362924E+00    0.328282716303237E+00    0.178982673064344E+01    0.177532959343435E+01    0.328282716303237E+00    0.312143356362924E+00
  11    0.344422076243549E+00    0.360288187143071E+00    0.176030089619087E+01    0.174527219894739E+01    0.360288187143071E+00    0.344422076243549E+00
  12    0.376154298042592E+00    0.391737149004020E+00    0.172969290235224E+01    0.171411360575708E+01    0.391737149004020E+00    0.376154298042592E+00
  13    0.407319999965448E+00    0.422609243187787E+00    0.169796518010715E+01    0.168181675445722E+01    0.422609243187787E+00    0.407319999965448E+00
  14    0.437898486410125E+00    0.452883450849355E+00    0.166508142138628E+01    0.164834608831533E+01    0.452883450849355E+00    0.437898486410125E+00
  15    0.467868415288586E+00    0.482538125358952E+00    0.163100709802784E+01    0.161366810774034E+01    0.482538125358952E+00    0.467868415288586E+00
  16    0.497207835429319E+00    0.511551035441728E+00    0.159571005455263E+01    0.157775200136493E+01    0.511551035441728E+00    0.497207835429319E+00
  17    0.525894235454136E+00    0.539899420535173E+00    0.155916118013948E+01    0.154057035891403E+01    0.539899420535173E+00    0.525894235454136E+00
  18    0.553904605616209E+00    0.567560059891968E+00    0.152133516462373E+01    0.150209997033343E+01    0.567560059891968E+00    0.553904605616209E+00
  19    0.581215514167726E+00    0.594509357027852E+00    0.148221134247362E+01    0.146232271461381E+01    0.594509357027852E+00    0.581215514167726E+00
  20    0.607803199887977E+00    0.620723441163461E+00    0.144177462745852E+01    0.142122654030322E+01    0.620723441163461E+00    0.607803199887977E+00
  21    0.633643682438945E+00    0.646178287327841E+00    0.140001653904089E+01    0.137880653777855E+01    0.646178287327841E+00    0.633643682438945E+00
  22    0.658712892216737E+00    0.670849856770165E+00    0.135693631932780E+01    0.133506610087706E+01    0.670849856770165E+00    0.658712892216737E+00
  23    0.682986821323592E+00    0.694714259254478E+00    0.131254213663726E+01    0.129001817239746E+01    0.694714259254478E+00    0.682986821323592E+00
  24    0.706441697185365E+00    0.717747938678162E+00    0.126685236830257E+01    0.124368656420767E+01    0.717747938678162E+00    0.706441697185365E+00
  25    0.729054180170958E+00    0.739927883245421E+00    0.121989695119927E+01    0.119610733819087E+01    0.739927883245421E+00    0.729054180170958E+00
  26    0.750801586319883E+00    0.761231861128983E+00    0.117171878359591E+01    0.114733022900095E+01    0.761231861128983E+00    0.750801586319883E+00
  27    0.771662135938082E+00    0.781638682152483E+00    0.112237515629248E+01    0.109742008358402E+01    0.781638682152483E+00    0.771662135938082E+00
  28    0.791615228366883E+00    0.801128485509702E+00    0.107193918464705E+01    0.104645828571007E+01    0.801128485509702E+00    0.791615228366883E+00
  29    0.810641742652520E+00    0.819683052892983E+00    0.102050120608046E+01    0.994544126450845E+00    0.819683052892983E+00    0.810641742652520E+00
  30    0.828724363133445E+00    0.837286145622691E+00    0.968170100133934E+00    0.941796073817023E+00    0.837286145622691E+00    0.828724363133445E+00
  31    0.845847928111936E+00    0.853923863447271E+00    0.915074480351904E+00    0.888352886886785E+00    0.853923863447271E+00    0.845847928111936E+00
  32    0.861999798782605E+00    0.869585021619629E+00    0.861363699479731E+00    0.834374512072678E+00    0.869585021619629E+00    0.861999798782605E+00
  33    0.877170244456654E+00    0.884261541657866E+00    0.807208602102989E+00    0.780042692133300E+00    0.884261541657866E+00    0.877170244456654E+00
  34    0.891352838859077E+00    0.897948849883510E+00    0.752801952410427E+00    0.725561212687553E+00    0.897948849883510E+00    0.891352838859077E+00
  35    0.904544860907942E+00    0.910646276425822E+00    0.698358459827199E+00    0.671155706966844E+00    0.910646276425822E+00    0.904544860907942E+00
  36    0.916747691943703E+00    0.922357445925867E+00    0.644114322502458E+00    0.617072938038072E+00    0.922357445925867E+00    0.916747691943703E+00
  37    0.927967199908031E+00    0.933090649721374E+00    0.590326208752883E+00    0.563579479467694E+00    0.933090649721374E+00    0.927967199908031E+00
  38    0.938214099534717E+00    0.942859187907964E+00    0.537269600262457E+00    0.510959721057220E+00    0.942859187907964E+00    0.938214099534717E+00
  39    0.947504276281212E+00    0.951681668430623E+00    0.485236428746223E+00    0.459513136435227E+00    0.951681668430623E+00    0.947504276281212E+00
  40    0.955859060580034E+00    0.959582249346411E+00    0.434531950368330E+00    0.409550764301434E+00    0.959582249346411E+00    0.955859060580034E+00
  41    0.963305438112787E+00    0.966590809703867E+00    0.385470819660117E+00    0.361390875018800E+00    0.966590809703867E+00    0.963305438112787E+00
  42    0.969876181294947E+00    0.972743034191432E+00    0.338372346816073E+00    0.315353818613347E+00    0.972743034191432E+00    0.969876181294947E+00
  43    0.975609887087917E+00    0.978080396888076E+00    0.293554948315388E+00    0.271756078017429E+00    0.978080396888076E+00    0.975609887087917E+00
  44    0.980550906688234E+00    0.982650030149404E+00    0.251329829373042E+00    0.230903580728654E+00    0.982650030149404E+00    0.980550906688234E+00
  45    0.984749153610573E+00    0.986504465883631E+00    0.211993965382506E+00    0.193084350036359E+00    0.986504465883631E+00    0.984749153610573E+00
  46    0.988259778156689E+00    0.989701238149586E+00    0.175822474627528E+00    0.158560599218697E+00    0.989701238149586E+00    0.988259778156689E+00
  47    0.991142698142483E+00    0.992302337979324E+00    0.143060490635581E+00    0.127560382052465E+00    0.992302337979324E+00    0.991142698142483E+00
  48    0.993461977816165E+00    0.994373513272633E+00    0.113914641131972E+00    0.100268900211479E+00    0.994373513272633E+00    0.993461977816165E+00
  49    0.995285048729101E+00    0.995983407954078E+00    0.885442074795031E-01    0.768195147475270E-01    0.995983407954078E+00    0.995285048729101E+00
  50    0.996681767179056E+00    0.997202534271467E+00    0.670519474563655E-01    0.572843801652040E-01    0.997202534271467E+00    0.996681767179056E+00
  51    0.997723301363877E+00    0.998102068080919E+00    0.494743595199004E-01    0.416643388745969E-01    0.998102068080919E+00    0.997723301363877E+00
  52    0.998480834797961E+00    0.998752444655277E+00    0.357707115897030E-01    0.298770843048091E-01    0.998752444655277E+00    0.998480834797961E+00
  53    0.999024054512594E+00    0.999221700148920E+00    0.258090521503446E-01    0.217410199958801E-01    0.999221700148920E+00    0.999024054512594E+00
  54    0.999419345785246E+00    0.999573412355480E+00    0.193441713608028E-01    0.169473227257255E-01    0.999573412355480E+00    0.999419345785246E+00
  55    0.999727478925714E+00    0.999863739462857E+00    0.159679909057275E-01    0.149886590857295E-01    0.999863739462857E+00    0.999727478925714E+00
