   1    0.000000000000000E+00    0.107133940096379E-01    0.143559479729148E+01    0.143559479729148E+01    0.107133940096379E-01    0.000000000000000E+00
   2    0.214267880192758E-01    0.320915224277056E-01    0.143233460401054E+01    0.142907441072959E+01    0.320915224277056E-01    0.214267880192758E-01
   3    0.427562568361354E-01    0.533718705865731E-01    0.142578332664412E+01    0.142249224255865E+01    0.533718705865731E-01    0.427562568361354E-01
   4    0.639874843370107E-01    0.745535009442426E-01    0.141916923396386E+01    0.141584622536907E+01    0.745535009442426E-01    0.639874843370107E-01
   5    0.851195175514745E-01    0.956354439475312E-01    0.141249018122033E+01    0.140913413707159E+01    0.956354439475312E-01    0.851195175514745E-01
   6    0.106151370343588E+00    0.116616695596987E+00    0.140574386051353E+01    0.140235358395547E+01    0.116616695596987E+00    0.106151370343588E+00
   7    0.127082020850386E+00    0.137496214742478E+00    0.139892778274794E+01    0.139550198154041E+01    0.137496214742478E+00    0.127082020850386E+00
   8    0.147910408634571E+00    0.158272920074151E+00    0.139203925722205E+01    0.138857653290370E+01    0.158272920074151E+00    0.147910408634571E+00
   9    0.168635431513731E+00    0.178945686768312E+00    0.138507536850881E+01    0.138157420411392E+01    0.178945686768312E+00    0.168635431513731E+00
  10    0.189255942022894E+00    0.199513342741890E+00    0.137803295022972E+01    0.137449169634551E+01    0.199513342741890E+00    0.189255942022894E+00
  11    0.209770743460886E+00    0.219974664462229E+00    0.137090855526268E+01    0.136732541417986E+01    0.219974664462229E+00    0.209770743460886E+00
  12    0.230178585463571E+00    0.240328372251046E+00    0.136369842185077E+01    0.136007142952168E+01    0.240328372251046E+00    0.230178585463571E+00
  13    0.250478159038521E+00    0.260573125012144E+00    0.135639843499356E+01    0.135272544046545E+01    0.260573125012144E+00    0.250478159038521E+00
  14    0.270668090985767E+00    0.280707514301747E+00    0.134900408240338E+01    0.134528272434131E+01    0.280707514301747E+00    0.270668090985767E+00
  15    0.290746937617727E+00    0.300730057647903E+00    0.134151040419246E+01    0.133773808404360E+01    0.300730057647903E+00    0.290746937617727E+00
  16    0.310713177678079E+00    0.320639191010905E+00    0.133391193532115E+01    0.133008578659871E+01    0.320639191010905E+00    0.310713177678079E+00
  17    0.330565204343731E+00    0.340433260259844E+00    0.132620263967894E+01    0.132231949275917E+01    0.340433260259844E+00    0.330565204343731E+00
  18    0.350301316175958E+00    0.360110511520805E+00    0.131837583448438E+01    0.131443217620959E+01    0.360110511520805E+00    0.350301316175958E+00
  19    0.369919706865653E+00    0.379669080229380E+00    0.131042410347450E+01    0.130641603073941E+01    0.379669080229380E+00    0.369919706865653E+00
  20    0.389418453593107E+00    0.399106978693583E+00    0.130233919710161E+01    0.129826236346382E+01    0.399106978693583E+00    0.389418453593107E+00
  21    0.408795503794059E+00    0.418422081942273E+00    0.129411191766224E+01    0.128996147186066E+01    0.418422081942273E+00    0.408795503794059E+00
  22    0.428048660090487E+00    0.437612111598125E+00    0.128573198694208E+01    0.128150250202350E+01    0.437612111598125E+00    0.428048660090487E+00
  23    0.447175563105763E+00    0.456674617472233E+00    0.127718789356521E+01    0.127287328510693E+01    0.456674617472233E+00    0.447175563105763E+00
  24    0.466173671838702E+00    0.475606956528639E+00    0.126846671677920E+01    0.126406014845147E+01    0.475606956528639E+00    0.466173671838702E+00
  25    0.485040241218575E+00    0.494406268810473E+00    0.125955392288289E+01    0.125504769731431E+01    0.494406268810473E+00    0.485040241218575E+00
  26    0.503772296402371E+00    0.513069449853804E+00    0.125043312990316E+01    0.124581856249201E+01    0.513069449853804E+00    0.503772296402371E+00
  27    0.522366603305237E+00    0.531593119039564E+00    0.124108583544595E+01    0.123635310839990E+01    0.531593119039564E+00    0.522366603305237E+00
  28    0.540819634773892E+00    0.549973583246770E+00    0.123149110188278E+01    0.122662909536567E+01    0.549973583246770E+00    0.540819634773892E+00
  29    0.559127531719648E+00    0.568206795070467E+00    0.122162519218771E+01    0.121662128900974E+01    0.568206795070467E+00    0.559127531719648E+00
  30    0.577286058421286E+00    0.586288304754366E+00    0.121146114882126E+01    0.120630100863278E+01    0.586288304754366E+00    0.577286058421286E+00
  31    0.595290551087447E+00    0.604213204860158E+00    0.120096830708800E+01    0.119563560554322E+01    0.604213204860158E+00    0.595290551087447E+00
  32    0.613135858632868E+00    0.621976066552882E+00    0.119011173341252E+01    0.118458786128182E+01    0.621976066552882E+00    0.613135858632868E+00
  33    0.630816274472895E+00    0.639570866225305E+00    0.117885157805238E+01    0.117311529482294E+01    0.639570866225305E+00    0.630816274472895E+00
  34    0.648325457977715E+00    0.656990901016393E+00    0.116714233100286E+01    0.116116936718279E+01    0.656990901016393E+00    0.648325457977715E+00
  35    0.665656344055070E+00    0.674228691604670E+00    0.115493196941458E+01    0.114869457164638E+01    0.674228691604670E+00    0.665656344055070E+00
  36    0.682801039154270E+00    0.691275870485175E+00    0.114216098499385E+01    0.113562739834131E+01    0.691275870485175E+00    0.682801039154270E+00
  37    0.699750701816081E+00    0.708123053783087E+00    0.112876128096010E+01    0.112189516357889E+01    0.708123053783087E+00    0.699750701816081E+00
  38    0.716495405750094E+00    0.724759694540383E+00    0.111465493073880E+01    0.110741469789871E+01    0.724759694540383E+00    0.716495405750094E+00
  39    0.733023983330672E+00    0.741173915368007E+00    0.109975279545081E+01    0.109209089300290E+01    0.741173915368007E+00    0.733023983330672E+00
  40    0.749323847405342E+00    0.757352318435465E+00    0.108395300551972E+01    0.107581511803653E+01    0.757352318435465E+00    0.749323847405342E+00
  41    0.765380789465589E+00    0.773279771045670E+00    0.106713932488370E+01    0.105846353173087E+01    0.773279771045670E+00    0.765380789465589E+00
  42    0.781178752625751E+00    0.788939165619579E+00    0.104917943645194E+01    0.103989534117301E+01    0.788939165619579E+00    0.781178752625751E+00
  43    0.796699578613408E+00    0.804311153938527E+00    0.102992321736947E+01    0.101995109356593E+01    0.804311153938527E+00    0.796699578613408E+00
  44    0.811922729263646E+00    0.819373857161883E+00    0.100920111596488E+01    0.998451138363823E+00    0.819373857161883E+00    0.811922729263646E+00
  45    0.826824985060120E+00    0.834102555721367E+00    0.986822803485446E+00    0.975194468607070E+00    0.834102555721367E+00    0.826824985060120E+00
  46    0.841380126382614E+00    0.848469367038678E+00    0.962576358259795E+00    0.949958247912521E+00    0.848469367038678E+00    0.841380126382614E+00
  47    0.855558607694741E+00    0.862442924555802E+00    0.936228353647307E+00    0.922498459382092E+00    0.862442924555802E+00    0.855558607694741E+00
  48    0.869327241416862E+00    0.875988079324129E+00    0.907525369477906E+00    0.892552279573720E+00    0.875988079324129E+00    0.869327241416862E+00
  49    0.882648917231395E+00    0.889065655932408E+00    0.876197632754739E+00    0.859842985935757E+00    0.889065655932408E+00    0.882648917231395E+00
  50    0.895482394633421E+00    0.901632308387311E+00    0.841965714478450E+00    0.824088443021143E+00    0.901632308387311E+00    0.895482394633421E+00
  51    0.907782222141200E+00    0.913640539003134E+00    0.804551451260186E+00    0.785014459499230E+00    0.913640539003134E+00    0.907782222141200E+00
  52    0.919498855865069E+00    0.925038964200067E+00    0.763694488194527E+00    0.742374516889824E+00    0.925038964200067E+00    0.919498855865069E+00
  53    0.930579072535066E+00    0.935772934138159E+00    0.719175985852105E+00    0.695977454814386E+00    0.935772934138159E+00    0.930579072535066E+00
  54    0.940966795741251E+00    0.945785635398613E+00    0.670850984450463E+00    0.645724514086540E+00    0.945785635398613E+00    0.940966795741251E+00
  55    0.950604475055975E+00    0.955019821920768E+00    0.618690496984357E+00    0.591656479882173E+00    0.955019821920768E+00    0.950604475055975E+00
  56    0.959435168785560E+00    0.963420320013320E+00    0.562833372200965E+00    0.534010264519758E+00    0.963420320013320E+00    0.959435168785560E+00
  57    0.967405471241079E+00    0.970937425271286E+00    0.503646052283771E+00    0.473281840047784E+00    0.970937425271286E+00    0.967405471241079E+00
  58    0.974469379301494E+00    0.977531235933104E+00    0.441785314341808E+00    0.410288788635831E+00    0.977531235933104E+00    0.974469379301494E+00
  59    0.980593092564715E+00    0.983176831342272E+00    0.378254892414206E+00    0.346220996192581E+00    0.983176831342272E+00    0.980593092564715E+00
  60    0.985760570119828E+00    0.987869994470605E+00    0.314441929598364E+00    0.282662863004146E+00    0.987869994470605E+00    0.985760570119828E+00
  61    0.989979418821383E+00    0.991632899233324E+00    0.252114619102125E+00    0.221566375200104E+00    0.991632899233324E+00    0.989979418821383E+00
  62    0.993286379645265E+00    0.994518871062353E+00    0.193360112544980E+00    0.165153849889856E+00    0.994518871062353E+00    0.993286379645265E+00
  63    0.995751362479442E+00    0.996615054610859E+00    0.140444297749894E+00    0.115734745609932E+00    0.996615054610859E+00    0.995751362479442E+00
  64    0.997478746742276E+00    0.998041685783863E+00    0.955842885912465E-01    0.754338315725608E-01    0.998041685783863E+00    0.997478746742276E+00
  65    0.998604624825449E+00    0.998946751519284E+00    0.606394042731948E-01    0.458449769738288E-01    0.998946751519284E+00    0.998604624825449E+00
  66    0.999288878213118E+00    0.999495080413760E+00    0.367380359299539E-01    0.276310948860790E-01    0.999495080413760E+00    0.999288878213118E+00
  67    0.999701282614403E+00    0.999850641307201E+00    0.238225798605446E-01    0.200140648350103E-01    0.999850641307201E+00    0.999701282614403E+00
